<?xml version="1.0" encoding="UTF-8"?>
<!-- Generated by org.testng.reporters.JUnitReportReporter -->
<testsuite hostname="EPINHYDW0897" name="com.suchi.Scenarios.EcommerceTest" tests="2" failures="0" timestamp="3 Jan 2017 10:59:27 GMT" time="91.455" errors="0">
  <testcase name="Test_Account_Creation" time="73.228" classname="com.suchi.Scenarios.EcommerceTest"/>
  <testcase name="test_Home_Page" time="18.227" classname="com.suchi.Scenarios.EcommerceTest"/>
</testsuite> <!-- com.suchi.Scenarios.EcommerceTest -->
