<?xml version="1.0" encoding="UTF-8"?>
<!-- Generated by org.testng.reporters.JUnitReportReporter -->
<testsuite hostname="LAPTOP-O50P61C6" name="com.suchi.Scenarios.EcommerceTest" tests="2" failures="0" timestamp="3 Jan 2017 18:19:42 GMT" time="32.571" errors="0">
  <testcase name="test_Home_Page" time="27.772" classname="com.suchi.Scenarios.EcommerceTest"/>
  <testcase name="Test_Purchase_Product" time="4.799" classname="com.suchi.Scenarios.EcommerceTest"/>
</testsuite> <!-- com.suchi.Scenarios.EcommerceTest -->
