<?xml version="1.0" encoding="UTF-8"?>
<!-- Generated by org.testng.reporters.JUnitReportReporter -->
<testsuite hostname="LAPTOP-O50P61C6" name="com.suchi.Scenarios.EcommerceTest" tests="1" failures="0" timestamp="31 Dec 2016 17:53:48 GMT" time="57.652" errors="0">
  <testcase name="test_Home_Page" time="57.652" classname="com.suchi.Scenarios.EcommerceTest"/>
</testsuite> <!-- com.suchi.Scenarios.EcommerceTest -->
