<?xml version="1.0" encoding="UTF-8"?>
<!-- Generated by org.testng.reporters.JUnitReportReporter -->
<testsuite hostname="LAPTOP-O50P61C6" name="com.suchi.Scenarios.EcommerceTest" tests="2" failures="0" timestamp="5 Jan 2017 16:42:14 GMT" time="96.190" errors="0">
  <testcase name="Test_Account_Creation" time="77.981" classname="com.suchi.Scenarios.EcommerceTest"/>
  <testcase name="Test_Purchase_Product" time="18.209" classname="com.suchi.Scenarios.EcommerceTest"/>
</testsuite> <!-- com.suchi.Scenarios.EcommerceTest -->
