<?xml version="1.0" encoding="UTF-8"?>
<!-- Generated by org.testng.reporters.JUnitReportReporter -->
<testsuite hostname="LAPTOP-O50P61C6" name="com.suchi.Scenarios.EcommerceTest" tests="2" failures="0" timestamp="2 Jan 2017 17:03:35 GMT" time="63.774" errors="0">
  <testcase name="test_Home_Page" time="57.526" classname="com.suchi.Scenarios.EcommerceTest"/>
  <testcase name="Test_Account_Creation" time="6.248" classname="com.suchi.Scenarios.EcommerceTest"/>
</testsuite> <!-- com.suchi.Scenarios.EcommerceTest -->
