<?xml version="1.0" encoding="UTF-8"?>
<!-- Generated by org.testng.reporters.JUnitReportReporter -->
<testsuite hostname="EPINHYDW0897" name="com.suchi.Scenarios.EcommerceTest" tests="1" failures="0" timestamp="28 Dec 2016 10:58:49 GMT" time="5.848" errors="0">
  <testcase name="test_Home_Page" time="5.848" classname="com.suchi.Scenarios.EcommerceTest"/>
</testsuite> <!-- com.suchi.Scenarios.EcommerceTest -->
